2022-08-08 11:40:32.267 [TestNG-suites-1] INFO  com.fieldwire.test.ui.tests.logging.Log - =========== onStart :-FieldWire UI Smoke Tests for Chrome browser===============
2022-08-08 11:40:32.267 [TestNG-suites-2] INFO  com.fieldwire.test.ui.tests.logging.Log - =========== onStart :-FieldWire UI Smoke Tests for Edge browser===============
2022-08-08 11:40:44.136 [TestNG-test=FieldWire UI Smoke Tests for Chrome browser-2] INFO  com.fieldwire.test.ui.tests.logging.Log - testSignUpPartially Started
2022-08-08 11:40:44.137 [TestNG-test=FieldWire UI Smoke Tests for Chrome browser-2] INFO  com.fieldwire.test.ui.tests.logging.Log - testSignUpPartially without filling the secondary data
2022-08-08 11:40:44.332 [TestNG-test=FieldWire UI Smoke Tests for Chrome browser-2] INFO  com.fieldwire.test.ui.tests.logging.Log - Click on 'CreateAnAccountLink' link
2022-08-08 11:40:44.725 [TestNG-test=FieldWire UI Smoke Tests for Chrome browser-2] INFO  com.fieldwire.test.ui.tests.logging.Log - Link 'CreateAnAccountLink' was pressed.
2022-08-08 11:40:45.116 [TestNG-test=FieldWire UI Smoke Tests for Chrome browser-2] INFO  com.fieldwire.test.ui.tests.logging.Log - Typing 'AQA3bffcdc4fc7d4b76910a12cb793b0d881659984044139FirstName' into FirstNameInput
2022-08-08 11:40:45.378 [TestNG-test=FieldWire UI Smoke Tests for Chrome browser-2] INFO  com.fieldwire.test.ui.tests.logging.Log - 'FirstNameInput' was set to: 'AQA3bffcdc4fc7d4b76910a12cb793b0d881659984044139FirstName'
2022-08-08 11:40:45.424 [TestNG-test=FieldWire UI Smoke Tests for Chrome browser-2] INFO  com.fieldwire.test.ui.tests.logging.Log - Typing 'AQAA3ED1C20E125449EB7761686225A2C781659984044148LastName' into LastNameInput
2022-08-08 11:40:45.854 [TestNG-test=FieldWire UI Smoke Tests for Chrome browser-1] INFO  com.fieldwire.test.ui.tests.logging.Log - testSignUp Started
2022-08-08 11:40:45.855 [TestNG-test=FieldWire UI Smoke Tests for Chrome browser-1] INFO  com.fieldwire.test.ui.tests.logging.Log - testSignUp
2022-08-08 11:40:45.885 [TestNG-test=FieldWire UI Smoke Tests for Chrome browser-2] INFO  com.fieldwire.test.ui.tests.logging.Log - 'LastNameInput' was set to: 'AQAA3ED1C20E125449EB7761686225A2C781659984044148LastName'
2022-08-08 11:40:45.925 [TestNG-test=FieldWire UI Smoke Tests for Chrome browser-2] INFO  com.fieldwire.test.ui.tests.logging.Log - Typing 'AQAC76F82948D60454EAAE4C1F02D97A4EC1659984044148WorkEmail@email.com' into WorkEmailInput
2022-08-08 11:40:46.006 [TestNG-test=FieldWire UI Smoke Tests for Chrome browser-1] INFO  com.fieldwire.test.ui.tests.logging.Log - Click on 'CreateAnAccountLink' link
2022-08-08 11:40:46.450 [TestNG-test=FieldWire UI Smoke Tests for Chrome browser-2] INFO  com.fieldwire.test.ui.tests.logging.Log - 'WorkEmailInput' was set to: 'AQAC76F82948D60454EAAE4C1F02D97A4EC1659984044148WorkEmail@email.com'
2022-08-08 11:40:46.486 [TestNG-test=FieldWire UI Smoke Tests for Chrome browser-1] INFO  com.fieldwire.test.ui.tests.logging.Log - Link 'CreateAnAccountLink' was pressed.
2022-08-08 11:40:46.498 [TestNG-test=FieldWire UI Smoke Tests for Chrome browser-2] INFO  com.fieldwire.test.ui.tests.logging.Log - Typing 'AQAD50BF076D20246508ABC0F70CA53567D1659984044148Password' into PasswordInput
2022-08-08 11:40:46.991 [TestNG-test=FieldWire UI Smoke Tests for Chrome browser-1] INFO  com.fieldwire.test.ui.tests.logging.Log - Typing 'AQAbc139761dae74591bb81d255413965921659984045855FirstName' into FirstNameInput
2022-08-08 11:40:47.095 [TestNG-test=FieldWire UI Smoke Tests for Chrome browser-2] INFO  com.fieldwire.test.ui.tests.logging.Log - 'PasswordInput' was set to: 'AQAD50BF076D20246508ABC0F70CA53567D1659984044148Password'
2022-08-08 11:40:47.265 [TestNG-test=FieldWire UI Smoke Tests for Chrome browser-2] INFO  com.fieldwire.test.ui.tests.logging.Log - 'AcceptAgreementCheckbox' was set to: 'true'
2022-08-08 11:40:47.281 [TestNG-test=FieldWire UI Smoke Tests for Chrome browser-2] INFO  com.fieldwire.test.ui.tests.logging.Log - Click on 'CreateAccountButton' link
2022-08-08 11:40:47.421 [TestNG-test=FieldWire UI Smoke Tests for Chrome browser-1] INFO  com.fieldwire.test.ui.tests.logging.Log - 'FirstNameInput' was set to: 'AQAbc139761dae74591bb81d255413965921659984045855FirstName'
2022-08-08 11:40:47.482 [TestNG-test=FieldWire UI Smoke Tests for Chrome browser-2] INFO  com.fieldwire.test.ui.tests.logging.Log - Button 'CreateAccountButton' was pressed.
2022-08-08 11:40:47.483 [TestNG-test=FieldWire UI Smoke Tests for Chrome browser-1] INFO  com.fieldwire.test.ui.tests.logging.Log - Typing 'AQAfe8dbe959a7d491e841f53716f70418f1659984045855LastName' into LastNameInput
2022-08-08 11:40:48.178 [TestNG-test=FieldWire UI Smoke Tests for Chrome browser-1] INFO  com.fieldwire.test.ui.tests.logging.Log - 'LastNameInput' was set to: 'AQAfe8dbe959a7d491e841f53716f70418f1659984045855LastName'
2022-08-08 11:40:48.215 [TestNG-test=FieldWire UI Smoke Tests for Chrome browser-1] INFO  com.fieldwire.test.ui.tests.logging.Log - Typing 'AQAD1BBDBF29B524EAF83E5D90B356EAE361659984045855WorkEmail@email.com' into WorkEmailInput
2022-08-08 11:40:48.817 [TestNG-test=FieldWire UI Smoke Tests for Chrome browser-1] INFO  com.fieldwire.test.ui.tests.logging.Log - 'WorkEmailInput' was set to: 'AQAD1BBDBF29B524EAF83E5D90B356EAE361659984045855WorkEmail@email.com'
2022-08-08 11:40:48.857 [TestNG-test=FieldWire UI Smoke Tests for Chrome browser-1] INFO  com.fieldwire.test.ui.tests.logging.Log - Typing 'AQAa4dd559baf444675ac985ef99db046501659984045855Password' into PasswordInput
2022-08-08 11:40:49.276 [TestNG-test=FieldWire UI Smoke Tests for Edge browser-1] INFO  com.fieldwire.test.ui.tests.logging.Log - testSignUp Started
2022-08-08 11:40:49.276 [TestNG-test=FieldWire UI Smoke Tests for Edge browser-1] INFO  com.fieldwire.test.ui.tests.logging.Log - testSignUp
2022-08-08 11:40:49.465 [TestNG-test=FieldWire UI Smoke Tests for Chrome browser-1] INFO  com.fieldwire.test.ui.tests.logging.Log - 'PasswordInput' was set to: 'AQAa4dd559baf444675ac985ef99db046501659984045855Password'
2022-08-08 11:40:49.764 [TestNG-test=FieldWire UI Smoke Tests for Chrome browser-1] INFO  com.fieldwire.test.ui.tests.logging.Log - 'AcceptAgreementCheckbox' was set to: 'true'
2022-08-08 11:40:49.784 [TestNG-test=FieldWire UI Smoke Tests for Chrome browser-1] INFO  com.fieldwire.test.ui.tests.logging.Log - Click on 'CreateAccountButton' link
2022-08-08 11:40:49.806 [TestNG-test=FieldWire UI Smoke Tests for Edge browser-1] INFO  com.fieldwire.test.ui.tests.logging.Log - Click on 'CreateAnAccountLink' link
2022-08-08 11:40:49.990 [TestNG-test=FieldWire UI Smoke Tests for Chrome browser-1] INFO  com.fieldwire.test.ui.tests.logging.Log - Button 'CreateAccountButton' was pressed.
2022-08-08 11:40:50.250 [TestNG-test=FieldWire UI Smoke Tests for Edge browser-1] INFO  com.fieldwire.test.ui.tests.logging.Log - Link 'CreateAnAccountLink' was pressed.
2022-08-08 11:40:51.022 [TestNG-test=FieldWire UI Smoke Tests for Edge browser-1] INFO  com.fieldwire.test.ui.tests.logging.Log - Typing 'AQA9de4acb9da644947b26b652f2146db3c1659984049277FirstName' into FirstNameInput
2022-08-08 11:40:51.480 [TestNG-test=FieldWire UI Smoke Tests for Edge browser-1] INFO  com.fieldwire.test.ui.tests.logging.Log - 'FirstNameInput' was set to: 'AQA9de4acb9da644947b26b652f2146db3c1659984049277FirstName'
2022-08-08 11:40:51.522 [TestNG-test=FieldWire UI Smoke Tests for Edge browser-1] INFO  com.fieldwire.test.ui.tests.logging.Log - Typing 'AQA59df432e2d394627bdbb251ed9ec1fc81659984049277LastName' into LastNameInput
2022-08-08 11:40:51.616 [TestNG-test=FieldWire UI Smoke Tests for Chrome browser-1] INFO  com.fieldwire.test.ui.tests.logging.Log - Typing 'AQA984bfb7d83154db186c815476e3c16b21659984045856CompanyName' into CompanyNameInput
2022-08-08 11:40:51.949 [TestNG-test=FieldWire UI Smoke Tests for Edge browser-1] INFO  com.fieldwire.test.ui.tests.logging.Log - 'LastNameInput' was set to: 'AQA59df432e2d394627bdbb251ed9ec1fc81659984049277LastName'
2022-08-08 11:40:51.984 [TestNG-test=FieldWire UI Smoke Tests for Edge browser-1] INFO  com.fieldwire.test.ui.tests.logging.Log - Typing 'AQA3425f90187a449049cb6f61d6517b00b1659984049277WorkEmail@email.com' into WorkEmailInput
2022-08-08 11:40:52.113 [TestNG-test=FieldWire UI Smoke Tests for Chrome browser-1] INFO  com.fieldwire.test.ui.tests.logging.Log - 'CompanyNameInput' was set to: 'AQA984bfb7d83154db186c815476e3c16b21659984045856CompanyName'
2022-08-08 11:40:52.382 [TestNG-test=FieldWire UI Smoke Tests for Edge browser-1] INFO  com.fieldwire.test.ui.tests.logging.Log - 'WorkEmailInput' was set to: 'AQA3425f90187a449049cb6f61d6517b00b1659984049277WorkEmail@email.com'
2022-08-08 11:40:52.406 [TestNG-test=FieldWire UI Smoke Tests for Edge browser-1] INFO  com.fieldwire.test.ui.tests.logging.Log - Typing 'AQAd37396aab4404719bde8c8e0fbd6443d1659984049277Password' into PasswordInput
2022-08-08 11:40:52.589 [TestNG-test=FieldWire UI Smoke Tests for Chrome browser-2] INFO  com.fieldwire.test.ui.tests.logging.Log - Typing 'AQAC76F82948D60454EAAE4C1F02D97A4EC1659984044148WorkEmail@email.com' into EmailAddressInput
2022-08-08 11:40:52.600 [TestNG-test=FieldWire UI Smoke Tests for Chrome browser-1] INFO  com.fieldwire.test.ui.tests.logging.Log - 'CompanyTypeDropdown' was set to: 'Specialty Contractor'
2022-08-08 11:40:52.822 [TestNG-test=FieldWire UI Smoke Tests for Edge browser-1] INFO  com.fieldwire.test.ui.tests.logging.Log - 'PasswordInput' was set to: 'AQAd37396aab4404719bde8c8e0fbd6443d1659984049277Password'
2022-08-08 11:40:52.886 [TestNG-test=FieldWire UI Smoke Tests for Edge browser-2] INFO  com.fieldwire.test.ui.tests.logging.Log - testSignUpPartially Started
2022-08-08 11:40:52.887 [TestNG-test=FieldWire UI Smoke Tests for Edge browser-2] INFO  com.fieldwire.test.ui.tests.logging.Log - testSignUpPartially without filling the secondary data
2022-08-08 11:40:52.997 [TestNG-test=FieldWire UI Smoke Tests for Edge browser-1] INFO  com.fieldwire.test.ui.tests.logging.Log - 'AcceptAgreementCheckbox' was set to: 'true'
2022-08-08 11:40:53.008 [TestNG-test=FieldWire UI Smoke Tests for Edge browser-2] INFO  com.fieldwire.test.ui.tests.logging.Log - Click on 'CreateAnAccountLink' link
2022-08-08 11:40:53.011 [TestNG-test=FieldWire UI Smoke Tests for Edge browser-1] INFO  com.fieldwire.test.ui.tests.logging.Log - Click on 'CreateAccountButton' link
2022-08-08 11:40:53.055 [TestNG-test=FieldWire UI Smoke Tests for Chrome browser-2] INFO  com.fieldwire.test.ui.tests.logging.Log - 'EmailAddressInput' was set to: 'AQAC76F82948D60454EAAE4C1F02D97A4EC1659984044148WorkEmail@email.com'
2022-08-08 11:40:53.155 [TestNG-test=FieldWire UI Smoke Tests for Chrome browser-2] INFO  com.fieldwire.test.ui.tests.logging.Log - Click on 'NextButton' link
2022-08-08 11:40:53.159 [TestNG-test=FieldWire UI Smoke Tests for Edge browser-1] INFO  com.fieldwire.test.ui.tests.logging.Log - Button 'CreateAccountButton' was pressed.
2022-08-08 11:40:53.262 [TestNG-test=FieldWire UI Smoke Tests for Chrome browser-1] INFO  com.fieldwire.test.ui.tests.logging.Log - 'TradeTypeDropdown' was set to: 'Utilities'
2022-08-08 11:40:53.319 [TestNG-test=FieldWire UI Smoke Tests for Chrome browser-2] INFO  com.fieldwire.test.ui.tests.logging.Log - Button 'NextButton' was pressed.
2022-08-08 11:40:53.357 [TestNG-test=FieldWire UI Smoke Tests for Edge browser-2] INFO  com.fieldwire.test.ui.tests.logging.Log - Link 'CreateAnAccountLink' was pressed.
2022-08-08 11:40:53.628 [TestNG-test=FieldWire UI Smoke Tests for Chrome browser-2] INFO  com.fieldwire.test.ui.tests.logging.Log - Typing 'AQAD50BF076D20246508ABC0F70CA53567D1659984044148Password' into PasswordInput
2022-08-08 11:40:53.960 [TestNG-test=FieldWire UI Smoke Tests for Chrome browser-1] INFO  com.fieldwire.test.ui.tests.logging.Log - 'NumberOfEmployeesDropdown' was set to: '1000+'
2022-08-08 11:40:53.960 [TestNG-test=FieldWire UI Smoke Tests for Chrome browser-1] INFO  com.fieldwire.test.ui.tests.logging.Log - Typing '747-368-7108' into PhoneNumberInput
2022-08-08 11:40:54.011 [TestNG-test=FieldWire UI Smoke Tests for Edge browser-2] INFO  com.fieldwire.test.ui.tests.logging.Log - Typing 'AQA927937A5EC49476B9DE5E6491B952B201659984052887FirstName' into FirstNameInput
2022-08-08 11:40:54.084 [TestNG-test=FieldWire UI Smoke Tests for Chrome browser-2] INFO  com.fieldwire.test.ui.tests.logging.Log - 'PasswordInput' was set to: 'AQAD50BF076D20246508ABC0F70CA53567D1659984044148Password'
2022-08-08 11:40:54.213 [TestNG-test=FieldWire UI Smoke Tests for Chrome browser-2] INFO  com.fieldwire.test.ui.tests.logging.Log - Click on 'LogInButton' link
2022-08-08 11:40:54.236 [TestNG-test=FieldWire UI Smoke Tests for Chrome browser-1] INFO  com.fieldwire.test.ui.tests.logging.Log - 'PhoneNumberInput' was set to: '747-368-7108'
2022-08-08 11:40:54.260 [TestNG-test=FieldWire UI Smoke Tests for Chrome browser-1] INFO  com.fieldwire.test.ui.tests.logging.Log - Click on 'CompleteButton' link
2022-08-08 11:40:54.373 [TestNG-test=FieldWire UI Smoke Tests for Chrome browser-2] INFO  com.fieldwire.test.ui.tests.logging.Log - Button 'LogInButton' was pressed.
2022-08-08 11:40:54.435 [TestNG-test=FieldWire UI Smoke Tests for Edge browser-2] INFO  com.fieldwire.test.ui.tests.logging.Log - 'FirstNameInput' was set to: 'AQA927937A5EC49476B9DE5E6491B952B201659984052887FirstName'
2022-08-08 11:40:54.466 [TestNG-test=FieldWire UI Smoke Tests for Edge browser-2] INFO  com.fieldwire.test.ui.tests.logging.Log - Typing 'AQA48C94B02A8AC48C183B86DB48861798A1659984052887LastName' into LastNameInput
2022-08-08 11:40:54.521 [TestNG-test=FieldWire UI Smoke Tests for Chrome browser-1] INFO  com.fieldwire.test.ui.tests.logging.Log - Button 'CompleteButton' was pressed.
2022-08-08 11:40:54.869 [TestNG-test=FieldWire UI Smoke Tests for Edge browser-2] INFO  com.fieldwire.test.ui.tests.logging.Log - 'LastNameInput' was set to: 'AQA48C94B02A8AC48C183B86DB48861798A1659984052887LastName'
2022-08-08 11:40:54.902 [TestNG-test=FieldWire UI Smoke Tests for Edge browser-2] INFO  com.fieldwire.test.ui.tests.logging.Log - Typing 'AQABD23BA35BAB245AFA48BF60364A03D6C1659984052887WorkEmail@email.com' into WorkEmailInput
2022-08-08 11:40:54.912 [TestNG-test=FieldWire UI Smoke Tests for Edge browser-1] INFO  com.fieldwire.test.ui.tests.logging.Log - Typing 'AQA7b2fc91014c1410397e768e8262daf761659984049277CompanyName' into CompanyNameInput
2022-08-08 11:40:55.428 [TestNG-test=FieldWire UI Smoke Tests for Edge browser-2] INFO  com.fieldwire.test.ui.tests.logging.Log - 'WorkEmailInput' was set to: 'AQABD23BA35BAB245AFA48BF60364A03D6C1659984052887WorkEmail@email.com'
2022-08-08 11:40:55.472 [TestNG-test=FieldWire UI Smoke Tests for Edge browser-1] INFO  com.fieldwire.test.ui.tests.logging.Log - 'CompanyNameInput' was set to: 'AQA7b2fc91014c1410397e768e8262daf761659984049277CompanyName'
2022-08-08 11:40:55.570 [TestNG-test=FieldWire UI Smoke Tests for Edge browser-2] INFO  com.fieldwire.test.ui.tests.logging.Log - Typing 'AQA01C45550C8BA490497DE8A6D6082D0211659984052887Password' into PasswordInput
2022-08-08 11:40:55.818 [TestNG-test=FieldWire UI Smoke Tests for Chrome browser-1] INFO  com.fieldwire.test.ui.tests.logging.Log - testSignUp Passed
2022-08-08 11:40:55.887 [TestNG-test=FieldWire UI Smoke Tests for Chrome browser-2] INFO  com.fieldwire.test.ui.tests.logging.Log - testSignUpPartially Passed
2022-08-08 11:40:56.084 [TestNG-test=FieldWire UI Smoke Tests for Edge browser-1] INFO  com.fieldwire.test.ui.tests.logging.Log - 'CompanyTypeDropdown' was set to: 'Specialty Contractor'
2022-08-08 11:40:56.104 [TestNG-test=FieldWire UI Smoke Tests for Edge browser-2] INFO  com.fieldwire.test.ui.tests.logging.Log - 'PasswordInput' was set to: 'AQA01C45550C8BA490497DE8A6D6082D0211659984052887Password'
2022-08-08 11:40:56.245 [TestNG-test=FieldWire UI Smoke Tests for Edge browser-2] INFO  com.fieldwire.test.ui.tests.logging.Log - 'AcceptAgreementCheckbox' was set to: 'true'
2022-08-08 11:40:56.255 [TestNG-test=FieldWire UI Smoke Tests for Edge browser-2] INFO  com.fieldwire.test.ui.tests.logging.Log - Click on 'CreateAccountButton' link
2022-08-08 11:40:56.381 [TestNG-test=FieldWire UI Smoke Tests for Edge browser-2] INFO  com.fieldwire.test.ui.tests.logging.Log - Button 'CreateAccountButton' was pressed.
2022-08-08 11:40:56.697 [TestNG-test=FieldWire UI Smoke Tests for Edge browser-1] INFO  com.fieldwire.test.ui.tests.logging.Log - 'TradeTypeDropdown' was set to: 'Utilities'
2022-08-08 11:40:57.097 [TestNG-test=FieldWire UI Smoke Tests for Edge browser-1] INFO  com.fieldwire.test.ui.tests.logging.Log - 'NumberOfEmployeesDropdown' was set to: '1 - 10'
2022-08-08 11:40:57.098 [TestNG-test=FieldWire UI Smoke Tests for Edge browser-1] INFO  com.fieldwire.test.ui.tests.logging.Log - Typing '747-368-7108' into PhoneNumberInput
2022-08-08 11:40:57.262 [TestNG-test=FieldWire UI Smoke Tests for Edge browser-1] INFO  com.fieldwire.test.ui.tests.logging.Log - 'PhoneNumberInput' was set to: '747-368-7108'
2022-08-08 11:40:57.302 [TestNG-test=FieldWire UI Smoke Tests for Edge browser-1] INFO  com.fieldwire.test.ui.tests.logging.Log - Click on 'CompleteButton' link
2022-08-08 11:40:57.487 [TestNG-test=FieldWire UI Smoke Tests for Edge browser-1] INFO  com.fieldwire.test.ui.tests.logging.Log - Button 'CompleteButton' was pressed.
2022-08-08 11:40:59.583 [TestNG-test=FieldWire UI Smoke Tests for Edge browser-1] INFO  com.fieldwire.test.ui.tests.logging.Log - testSignUp Passed
2022-08-08 11:41:00.838 [TestNG-test=FieldWire UI Smoke Tests for Edge browser-2] INFO  com.fieldwire.test.ui.tests.logging.Log - Typing 'AQABD23BA35BAB245AFA48BF60364A03D6C1659984052887WorkEmail@email.com' into EmailAddressInput
2022-08-08 11:41:01.183 [TestNG-test=FieldWire UI Smoke Tests for Edge browser-2] INFO  com.fieldwire.test.ui.tests.logging.Log - 'EmailAddressInput' was set to: 'AQABD23BA35BAB245AFA48BF60364A03D6C1659984052887WorkEmail@email.com'
2022-08-08 11:41:01.231 [TestNG-test=FieldWire UI Smoke Tests for Edge browser-2] INFO  com.fieldwire.test.ui.tests.logging.Log - Click on 'NextButton' link
2022-08-08 11:41:01.332 [TestNG-test=FieldWire UI Smoke Tests for Edge browser-2] INFO  com.fieldwire.test.ui.tests.logging.Log - Button 'NextButton' was pressed.
2022-08-08 11:41:01.605 [TestNG-test=FieldWire UI Smoke Tests for Edge browser-2] INFO  com.fieldwire.test.ui.tests.logging.Log - Typing 'AQA01C45550C8BA490497DE8A6D6082D0211659984052887Password' into PasswordInput
2022-08-08 11:41:01.916 [TestNG-test=FieldWire UI Smoke Tests for Edge browser-2] INFO  com.fieldwire.test.ui.tests.logging.Log - 'PasswordInput' was set to: 'AQA01C45550C8BA490497DE8A6D6082D0211659984052887Password'
2022-08-08 11:41:01.962 [TestNG-test=FieldWire UI Smoke Tests for Edge browser-2] INFO  com.fieldwire.test.ui.tests.logging.Log - Click on 'LogInButton' link
2022-08-08 11:41:02.044 [TestNG-test=FieldWire UI Smoke Tests for Edge browser-2] INFO  com.fieldwire.test.ui.tests.logging.Log - Button 'LogInButton' was pressed.
2022-08-08 11:41:03.816 [TestNG-test=FieldWire UI Smoke Tests for Edge browser-2] INFO  com.fieldwire.test.ui.tests.logging.Log - testSignUpPartially Passed
2022-08-08 11:41:10.617 [TestNG-test=FieldWire UI Smoke Tests for Chrome browser-2] INFO  com.fieldwire.test.ui.tests.logging.Log - testSignInIncorrectPassword Started
2022-08-08 11:41:10.617 [TestNG-test=FieldWire UI Smoke Tests for Chrome browser-2] INFO  com.fieldwire.test.ui.tests.logging.Log - testSignInIncorrectPassword
2022-08-08 11:41:10.817 [TestNG-test=FieldWire UI Smoke Tests for Chrome browser-2] INFO  com.fieldwire.test.ui.tests.logging.Log - Typing 'AQAD1BBDBF29B524EAF83E5D90B356EAE361659984045855WorkEmail@email.com' into EmailAddressInput
2022-08-08 11:41:11.337 [TestNG-test=FieldWire UI Smoke Tests for Chrome browser-2] INFO  com.fieldwire.test.ui.tests.logging.Log - 'EmailAddressInput' was set to: 'AQAD1BBDBF29B524EAF83E5D90B356EAE361659984045855WorkEmail@email.com'
2022-08-08 11:41:11.365 [TestNG-test=FieldWire UI Smoke Tests for Chrome browser-2] INFO  com.fieldwire.test.ui.tests.logging.Log - Click on 'NextButton' link
2022-08-08 11:41:11.577 [TestNG-test=FieldWire UI Smoke Tests for Chrome browser-2] INFO  com.fieldwire.test.ui.tests.logging.Log - Button 'NextButton' was pressed.
2022-08-08 11:41:11.838 [TestNG-test=FieldWire UI Smoke Tests for Chrome browser-2] INFO  com.fieldwire.test.ui.tests.logging.Log - Typing 'invalidpassword' into PasswordInput
2022-08-08 11:41:11.982 [TestNG-test=FieldWire UI Smoke Tests for Chrome browser-2] INFO  com.fieldwire.test.ui.tests.logging.Log - 'PasswordInput' was set to: 'invalidpassword'
2022-08-08 11:41:12.030 [TestNG-test=FieldWire UI Smoke Tests for Chrome browser-2] INFO  com.fieldwire.test.ui.tests.logging.Log - Click on 'LogInButton' link
2022-08-08 11:41:12.099 [TestNG-test=FieldWire UI Smoke Tests for Chrome browser-2] INFO  com.fieldwire.test.ui.tests.logging.Log - Button 'LogInButton' was pressed.
2022-08-08 11:41:12.277 [TestNG-test=FieldWire UI Smoke Tests for Chrome browser-1] INFO  com.fieldwire.test.ui.tests.logging.Log - testCreateProjectAndTask Started
2022-08-08 11:41:12.278 [TestNG-test=FieldWire UI Smoke Tests for Chrome browser-1] INFO  com.fieldwire.test.ui.tests.logging.Log - testCreateProjectAndTask
2022-08-08 11:41:12.373 [TestNG-test=FieldWire UI Smoke Tests for Chrome browser-1] INFO  com.fieldwire.test.ui.tests.logging.Log - Typing 'AQAD1BBDBF29B524EAF83E5D90B356EAE361659984045855WorkEmail@email.com' into EmailAddressInput
2022-08-08 11:41:12.456 [TestNG-test=FieldWire UI Smoke Tests for Chrome browser-2] INFO  com.fieldwire.test.ui.tests.logging.Log - testSignInIncorrectPassword Passed
2022-08-08 11:41:12.682 [TestNG-test=FieldWire UI Smoke Tests for Chrome browser-1] INFO  com.fieldwire.test.ui.tests.logging.Log - 'EmailAddressInput' was set to: 'AQAD1BBDBF29B524EAF83E5D90B356EAE361659984045855WorkEmail@email.com'
2022-08-08 11:41:12.716 [TestNG-test=FieldWire UI Smoke Tests for Chrome browser-1] INFO  com.fieldwire.test.ui.tests.logging.Log - Click on 'NextButton' link
2022-08-08 11:41:12.828 [TestNG-test=FieldWire UI Smoke Tests for Chrome browser-1] INFO  com.fieldwire.test.ui.tests.logging.Log - Button 'NextButton' was pressed.
2022-08-08 11:41:13.064 [TestNG-test=FieldWire UI Smoke Tests for Chrome browser-1] INFO  com.fieldwire.test.ui.tests.logging.Log - Typing 'AQAa4dd559baf444675ac985ef99db046501659984045855Password' into PasswordInput
2022-08-08 11:41:13.339 [TestNG-test=FieldWire UI Smoke Tests for Chrome browser-1] INFO  com.fieldwire.test.ui.tests.logging.Log - 'PasswordInput' was set to: 'AQAa4dd559baf444675ac985ef99db046501659984045855Password'
2022-08-08 11:41:13.410 [TestNG-test=FieldWire UI Smoke Tests for Chrome browser-1] INFO  com.fieldwire.test.ui.tests.logging.Log - Click on 'LogInButton' link
2022-08-08 11:41:13.625 [TestNG-test=FieldWire UI Smoke Tests for Chrome browser-1] INFO  com.fieldwire.test.ui.tests.logging.Log - Button 'LogInButton' was pressed.
2022-08-08 11:41:15.435 [TestNG-test=FieldWire UI Smoke Tests for Chrome browser-1] INFO  com.fieldwire.test.ui.tests.logging.Log - Click on 'NewProjectButton' link
2022-08-08 11:41:15.608 [TestNG-test=FieldWire UI Smoke Tests for Edge browser-1] INFO  com.fieldwire.test.ui.tests.logging.Log - testCreateProjectAndTask Started
2022-08-08 11:41:15.609 [TestNG-test=FieldWire UI Smoke Tests for Edge browser-1] INFO  com.fieldwire.test.ui.tests.logging.Log - testCreateProjectAndTask
2022-08-08 11:41:15.895 [TestNG-test=FieldWire UI Smoke Tests for Edge browser-1] INFO  com.fieldwire.test.ui.tests.logging.Log - Typing 'AQAD1BBDBF29B524EAF83E5D90B356EAE361659984045855WorkEmail@email.com' into EmailAddressInput
2022-08-08 11:41:16.293 [TestNG-test=FieldWire UI Smoke Tests for Edge browser-1] INFO  com.fieldwire.test.ui.tests.logging.Log - 'EmailAddressInput' was set to: 'AQAD1BBDBF29B524EAF83E5D90B356EAE361659984045855WorkEmail@email.com'
2022-08-08 11:41:16.323 [TestNG-test=FieldWire UI Smoke Tests for Edge browser-1] INFO  com.fieldwire.test.ui.tests.logging.Log - Click on 'NextButton' link
2022-08-08 11:41:16.441 [TestNG-test=FieldWire UI Smoke Tests for Edge browser-1] INFO  com.fieldwire.test.ui.tests.logging.Log - Button 'NextButton' was pressed.
2022-08-08 11:41:16.647 [TestNG-test=FieldWire UI Smoke Tests for Edge browser-1] INFO  com.fieldwire.test.ui.tests.logging.Log - Typing 'AQAa4dd559baf444675ac985ef99db046501659984045855Password' into PasswordInput
2022-08-08 11:41:16.920 [TestNG-test=FieldWire UI Smoke Tests for Edge browser-1] INFO  com.fieldwire.test.ui.tests.logging.Log - 'PasswordInput' was set to: 'AQAa4dd559baf444675ac985ef99db046501659984045855Password'
2022-08-08 11:41:16.966 [TestNG-test=FieldWire UI Smoke Tests for Edge browser-1] INFO  com.fieldwire.test.ui.tests.logging.Log - Click on 'LogInButton' link
2022-08-08 11:41:17.073 [TestNG-test=FieldWire UI Smoke Tests for Edge browser-1] INFO  com.fieldwire.test.ui.tests.logging.Log - Button 'LogInButton' was pressed.
2022-08-08 11:41:18.177 [TestNG-test=FieldWire UI Smoke Tests for Edge browser-1] INFO  com.fieldwire.test.ui.tests.logging.Log - Click on 'NewProjectButton' link
2022-08-08 11:41:23.276 [TestNG-test=FieldWire UI Smoke Tests for Edge browser-2] INFO  com.fieldwire.test.ui.tests.logging.Log - testSignInIncorrectPassword Started
2022-08-08 11:41:23.276 [TestNG-test=FieldWire UI Smoke Tests for Edge browser-2] INFO  com.fieldwire.test.ui.tests.logging.Log - testSignInIncorrectPassword
2022-08-08 11:41:23.355 [TestNG-test=FieldWire UI Smoke Tests for Edge browser-2] INFO  com.fieldwire.test.ui.tests.logging.Log - Typing 'AQAD1BBDBF29B524EAF83E5D90B356EAE361659984045855WorkEmail@email.com' into EmailAddressInput
2022-08-08 11:41:23.710 [TestNG-test=FieldWire UI Smoke Tests for Edge browser-2] INFO  com.fieldwire.test.ui.tests.logging.Log - 'EmailAddressInput' was set to: 'AQAD1BBDBF29B524EAF83E5D90B356EAE361659984045855WorkEmail@email.com'
2022-08-08 11:41:23.735 [TestNG-test=FieldWire UI Smoke Tests for Edge browser-2] INFO  com.fieldwire.test.ui.tests.logging.Log - Click on 'NextButton' link
2022-08-08 11:41:23.827 [TestNG-test=FieldWire UI Smoke Tests for Edge browser-2] INFO  com.fieldwire.test.ui.tests.logging.Log - Button 'NextButton' was pressed.
2022-08-08 11:41:24.024 [TestNG-test=FieldWire UI Smoke Tests for Edge browser-2] INFO  com.fieldwire.test.ui.tests.logging.Log - Typing 'invalidpassword' into PasswordInput
2022-08-08 11:41:24.175 [TestNG-test=FieldWire UI Smoke Tests for Edge browser-2] INFO  com.fieldwire.test.ui.tests.logging.Log - 'PasswordInput' was set to: 'invalidpassword'
2022-08-08 11:41:24.225 [TestNG-test=FieldWire UI Smoke Tests for Edge browser-2] INFO  com.fieldwire.test.ui.tests.logging.Log - Click on 'LogInButton' link
2022-08-08 11:41:24.378 [TestNG-test=FieldWire UI Smoke Tests for Edge browser-2] INFO  com.fieldwire.test.ui.tests.logging.Log - Button 'LogInButton' was pressed.
2022-08-08 11:41:24.618 [TestNG-test=FieldWire UI Smoke Tests for Edge browser-2] INFO  com.fieldwire.test.ui.tests.logging.Log - testSignInIncorrectPassword Passed
2022-08-08 11:41:26.276 [TestNG-test=FieldWire UI Smoke Tests for Chrome browser-2] INFO  com.fieldwire.test.ui.tests.logging.Log - testSignIn Started
2022-08-08 11:41:26.276 [TestNG-test=FieldWire UI Smoke Tests for Chrome browser-2] INFO  com.fieldwire.test.ui.tests.logging.Log - testSignIn
2022-08-08 11:41:26.366 [TestNG-test=FieldWire UI Smoke Tests for Chrome browser-2] INFO  com.fieldwire.test.ui.tests.logging.Log - Typing 'AQAD1BBDBF29B524EAF83E5D90B356EAE361659984045855WorkEmail@email.com' into EmailAddressInput
2022-08-08 11:41:26.648 [TestNG-test=FieldWire UI Smoke Tests for Chrome browser-2] INFO  com.fieldwire.test.ui.tests.logging.Log - 'EmailAddressInput' was set to: 'AQAD1BBDBF29B524EAF83E5D90B356EAE361659984045855WorkEmail@email.com'
2022-08-08 11:41:26.672 [TestNG-test=FieldWire UI Smoke Tests for Chrome browser-2] INFO  com.fieldwire.test.ui.tests.logging.Log - Click on 'NextButton' link
2022-08-08 11:41:26.746 [TestNG-test=FieldWire UI Smoke Tests for Chrome browser-2] INFO  com.fieldwire.test.ui.tests.logging.Log - Button 'NextButton' was pressed.
2022-08-08 11:41:26.910 [TestNG-test=FieldWire UI Smoke Tests for Chrome browser-2] INFO  com.fieldwire.test.ui.tests.logging.Log - Typing 'AQAa4dd559baf444675ac985ef99db046501659984045855Password' into PasswordInput
2022-08-08 11:41:27.102 [TestNG-test=FieldWire UI Smoke Tests for Chrome browser-2] INFO  com.fieldwire.test.ui.tests.logging.Log - 'PasswordInput' was set to: 'AQAa4dd559baf444675ac985ef99db046501659984045855Password'
2022-08-08 11:41:27.144 [TestNG-test=FieldWire UI Smoke Tests for Chrome browser-2] INFO  com.fieldwire.test.ui.tests.logging.Log - Click on 'LogInButton' link
2022-08-08 11:41:27.206 [TestNG-test=FieldWire UI Smoke Tests for Chrome browser-2] INFO  com.fieldwire.test.ui.tests.logging.Log - Button 'LogInButton' was pressed.
2022-08-08 11:41:28.044 [TestNG-test=FieldWire UI Smoke Tests for Chrome browser-2] INFO  com.fieldwire.test.ui.tests.logging.Log - testSignIn Passed
2022-08-08 11:41:37.320 [TestNG-test=FieldWire UI Smoke Tests for Edge browser-2] INFO  com.fieldwire.test.ui.tests.logging.Log - testSignIn Started
2022-08-08 11:41:37.321 [TestNG-test=FieldWire UI Smoke Tests for Edge browser-2] INFO  com.fieldwire.test.ui.tests.logging.Log - testSignIn
2022-08-08 11:41:37.381 [TestNG-test=FieldWire UI Smoke Tests for Edge browser-2] INFO  com.fieldwire.test.ui.tests.logging.Log - Typing 'AQAD1BBDBF29B524EAF83E5D90B356EAE361659984045855WorkEmail@email.com' into EmailAddressInput
2022-08-08 11:41:37.972 [TestNG-test=FieldWire UI Smoke Tests for Edge browser-2] INFO  com.fieldwire.test.ui.tests.logging.Log - 'EmailAddressInput' was set to: 'AQAD1BBDBF29B524EAF83E5D90B356EAE361659984045855WorkEmail@email.com'
2022-08-08 11:41:38.002 [TestNG-test=FieldWire UI Smoke Tests for Edge browser-2] INFO  com.fieldwire.test.ui.tests.logging.Log - Click on 'NextButton' link
2022-08-08 11:41:38.084 [TestNG-test=FieldWire UI Smoke Tests for Edge browser-2] INFO  com.fieldwire.test.ui.tests.logging.Log - Button 'NextButton' was pressed.
2022-08-08 11:41:38.363 [TestNG-test=FieldWire UI Smoke Tests for Edge browser-2] INFO  com.fieldwire.test.ui.tests.logging.Log - Typing 'AQAa4dd559baf444675ac985ef99db046501659984045855Password' into PasswordInput
2022-08-08 11:41:38.583 [TestNG-test=FieldWire UI Smoke Tests for Edge browser-2] INFO  com.fieldwire.test.ui.tests.logging.Log - 'PasswordInput' was set to: 'AQAa4dd559baf444675ac985ef99db046501659984045855Password'
2022-08-08 11:41:38.617 [TestNG-test=FieldWire UI Smoke Tests for Edge browser-2] INFO  com.fieldwire.test.ui.tests.logging.Log - Click on 'LogInButton' link
2022-08-08 11:41:38.683 [TestNG-test=FieldWire UI Smoke Tests for Edge browser-2] INFO  com.fieldwire.test.ui.tests.logging.Log - Button 'LogInButton' was pressed.
2022-08-08 11:41:39.542 [TestNG-test=FieldWire UI Smoke Tests for Edge browser-2] INFO  com.fieldwire.test.ui.tests.logging.Log - testSignIn Passed
2022-08-08 11:41:55.601 [TestNG-test=FieldWire UI Smoke Tests for Chrome browser-1] INFO  com.fieldwire.test.ui.tests.logging.Log - Retry attempt 1
2022-08-08 11:41:55.603 [TestNG-test=FieldWire UI Smoke Tests for Chrome browser-1] INFO  com.fieldwire.test.ui.tests.logging.Log - Skipped because of - org.openqa.selenium.TimeoutException: Expected condition failed: waiting for presence of element located by: By.xpath: //div[@ui-view]//button[contains(@ng-click,'newProject')] (tried for 30 second(s) with 5000 milliseconds interval)
2022-08-08 11:41:58.273 [TestNG-test=FieldWire UI Smoke Tests for Edge browser-1] INFO  com.fieldwire.test.ui.tests.logging.Log - Retry attempt 1
2022-08-08 11:41:58.273 [TestNG-test=FieldWire UI Smoke Tests for Edge browser-1] INFO  com.fieldwire.test.ui.tests.logging.Log - Skipped because of - org.openqa.selenium.TimeoutException: Expected condition failed: waiting for presence of element located by: By.xpath: //div[@ui-view]//button[contains(@ng-click,'newProject')] (tried for 30 second(s) with 5000 milliseconds interval)
2022-08-08 11:42:04.556 [TestNG-test=FieldWire UI Smoke Tests for Chrome browser-1] INFO  com.fieldwire.test.ui.tests.logging.Log - testCreateProjectAndTask Started
2022-08-08 11:42:04.556 [TestNG-test=FieldWire UI Smoke Tests for Chrome browser-1] INFO  com.fieldwire.test.ui.tests.logging.Log - testCreateProjectAndTask
2022-08-08 11:42:04.609 [TestNG-test=FieldWire UI Smoke Tests for Chrome browser-1] INFO  com.fieldwire.test.ui.tests.logging.Log - Typing 'AQAD1BBDBF29B524EAF83E5D90B356EAE361659984045855WorkEmail@email.com' into EmailAddressInput
2022-08-08 11:42:04.809 [TestNG-test=FieldWire UI Smoke Tests for Chrome browser-1] INFO  com.fieldwire.test.ui.tests.logging.Log - 'EmailAddressInput' was set to: 'AQAD1BBDBF29B524EAF83E5D90B356EAE361659984045855WorkEmail@email.com'
2022-08-08 11:42:04.831 [TestNG-test=FieldWire UI Smoke Tests for Chrome browser-1] INFO  com.fieldwire.test.ui.tests.logging.Log - Click on 'NextButton' link
2022-08-08 11:42:04.911 [TestNG-test=FieldWire UI Smoke Tests for Chrome browser-1] INFO  com.fieldwire.test.ui.tests.logging.Log - Button 'NextButton' was pressed.
2022-08-08 11:42:05.075 [TestNG-test=FieldWire UI Smoke Tests for Chrome browser-1] INFO  com.fieldwire.test.ui.tests.logging.Log - Typing 'AQAa4dd559baf444675ac985ef99db046501659984045855Password' into PasswordInput
2022-08-08 11:42:05.282 [TestNG-test=FieldWire UI Smoke Tests for Chrome browser-1] INFO  com.fieldwire.test.ui.tests.logging.Log - 'PasswordInput' was set to: 'AQAa4dd559baf444675ac985ef99db046501659984045855Password'
2022-08-08 11:42:05.319 [TestNG-test=FieldWire UI Smoke Tests for Chrome browser-1] INFO  com.fieldwire.test.ui.tests.logging.Log - Click on 'LogInButton' link
2022-08-08 11:42:05.408 [TestNG-test=FieldWire UI Smoke Tests for Chrome browser-1] INFO  com.fieldwire.test.ui.tests.logging.Log - Button 'LogInButton' was pressed.
2022-08-08 11:42:06.248 [TestNG-test=FieldWire UI Smoke Tests for Chrome browser-1] INFO  com.fieldwire.test.ui.tests.logging.Log - Click on 'NewProjectButton' link
2022-08-08 11:42:06.419 [TestNG-test=FieldWire UI Smoke Tests for Chrome browser-1] INFO  com.fieldwire.test.ui.tests.logging.Log - Button 'NewProjectButton' was pressed.
2022-08-08 11:42:06.610 [TestNG-test=FieldWire UI Smoke Tests for Chrome browser-1] INFO  com.fieldwire.test.ui.tests.logging.Log - Typing 'AQA25fe8b220ef14f9abd801767b0b958721659984074997ProjectName' into ProjectNameInput
2022-08-08 11:42:06.987 [TestNG-test=FieldWire UI Smoke Tests for Chrome browser-1] INFO  com.fieldwire.test.ui.tests.logging.Log - 'ProjectNameInput' was set to: 'AQA25fe8b220ef14f9abd801767b0b958721659984074997ProjectName'
2022-08-08 11:42:06.999 [TestNG-test=FieldWire UI Smoke Tests for Chrome browser-1] INFO  com.fieldwire.test.ui.tests.logging.Log - Typing 'AQA0e62069a2f654e62808a7ed9ae68bb021659984074998ProjectCode' into ProjectCodeInput
2022-08-08 11:42:07.267 [TestNG-test=FieldWire UI Smoke Tests for Chrome browser-1] INFO  com.fieldwire.test.ui.tests.logging.Log - 'ProjectCodeInput' was set to: 'AQA0e62069a2f654e62808a7ed9ae68bb021659984074998ProjectCode'
2022-08-08 11:42:07.280 [TestNG-test=FieldWire UI Smoke Tests for Chrome browser-1] INFO  com.fieldwire.test.ui.tests.logging.Log - Click on 'CreateButton' link
2022-08-08 11:42:07.333 [TestNG-test=FieldWire UI Smoke Tests for Chrome browser-1] INFO  com.fieldwire.test.ui.tests.logging.Log - Button 'CreateButton' was pressed.
2022-08-08 11:42:07.535 [TestNG-test=FieldWire UI Smoke Tests for Edge browser-1] INFO  com.fieldwire.test.ui.tests.logging.Log - testCreateProjectAndTask Started
2022-08-08 11:42:07.536 [TestNG-test=FieldWire UI Smoke Tests for Edge browser-1] INFO  com.fieldwire.test.ui.tests.logging.Log - testCreateProjectAndTask
2022-08-08 11:42:07.588 [TestNG-test=FieldWire UI Smoke Tests for Edge browser-1] INFO  com.fieldwire.test.ui.tests.logging.Log - Typing 'AQAD1BBDBF29B524EAF83E5D90B356EAE361659984045855WorkEmail@email.com' into EmailAddressInput
2022-08-08 11:42:07.795 [TestNG-test=FieldWire UI Smoke Tests for Edge browser-1] INFO  com.fieldwire.test.ui.tests.logging.Log - 'EmailAddressInput' was set to: 'AQAD1BBDBF29B524EAF83E5D90B356EAE361659984045855WorkEmail@email.com'
2022-08-08 11:42:07.809 [TestNG-test=FieldWire UI Smoke Tests for Edge browser-1] INFO  com.fieldwire.test.ui.tests.logging.Log - Click on 'NextButton' link
2022-08-08 11:42:07.868 [TestNG-test=FieldWire UI Smoke Tests for Edge browser-1] INFO  com.fieldwire.test.ui.tests.logging.Log - Button 'NextButton' was pressed.
2022-08-08 11:42:08.150 [TestNG-test=FieldWire UI Smoke Tests for Edge browser-1] INFO  com.fieldwire.test.ui.tests.logging.Log - Typing 'AQAa4dd559baf444675ac985ef99db046501659984045855Password' into PasswordInput
2022-08-08 11:42:08.394 [TestNG-test=FieldWire UI Smoke Tests for Chrome browser-1] INFO  com.fieldwire.test.ui.tests.logging.Log - Click on 'CloseButton' link
2022-08-08 11:42:08.407 [TestNG-test=FieldWire UI Smoke Tests for Edge browser-1] INFO  com.fieldwire.test.ui.tests.logging.Log - 'PasswordInput' was set to: 'AQAa4dd559baf444675ac985ef99db046501659984045855Password'
2022-08-08 11:42:08.448 [TestNG-test=FieldWire UI Smoke Tests for Edge browser-1] INFO  com.fieldwire.test.ui.tests.logging.Log - Click on 'LogInButton' link
2022-08-08 11:42:08.508 [TestNG-test=FieldWire UI Smoke Tests for Edge browser-1] INFO  com.fieldwire.test.ui.tests.logging.Log - Button 'LogInButton' was pressed.
2022-08-08 11:42:08.543 [TestNG-test=FieldWire UI Smoke Tests for Chrome browser-1] INFO  com.fieldwire.test.ui.tests.logging.Log - Button 'CloseButton' was pressed.
2022-08-08 11:42:08.645 [TestNG-test=FieldWire UI Smoke Tests for Chrome browser-1] INFO  com.fieldwire.test.ui.tests.logging.Log - Click on 'ProjectNameInput' link
2022-08-08 11:42:08.923 [TestNG-test=FieldWire UI Smoke Tests for Chrome browser-1] INFO  com.fieldwire.test.ui.tests.logging.Log - Link 'ProjectNameInput' was pressed.
2022-08-08 11:42:08.999 [TestNG-test=FieldWire UI Smoke Tests for Chrome browser-1] INFO  com.fieldwire.test.ui.tests.logging.Log - Click on 'NewTaskButton' link
2022-08-08 11:42:09.096 [TestNG-test=FieldWire UI Smoke Tests for Chrome browser-1] INFO  com.fieldwire.test.ui.tests.logging.Log - Button 'NewTaskButton' was pressed.
2022-08-08 11:42:09.173 [TestNG-test=FieldWire UI Smoke Tests for Edge browser-1] INFO  com.fieldwire.test.ui.tests.logging.Log - Click on 'NewProjectButton' link
2022-08-08 11:42:09.292 [TestNG-test=FieldWire UI Smoke Tests for Edge browser-1] INFO  com.fieldwire.test.ui.tests.logging.Log - Button 'NewProjectButton' was pressed.
2022-08-08 11:42:09.473 [TestNG-test=FieldWire UI Smoke Tests for Edge browser-1] INFO  com.fieldwire.test.ui.tests.logging.Log - Typing 'AQAFF18F7410AFD4B728A1B72B5A2F3CA781659984077973ProjectName' into ProjectNameInput
2022-08-08 11:42:09.818 [TestNG-test=FieldWire UI Smoke Tests for Edge browser-1] INFO  com.fieldwire.test.ui.tests.logging.Log - 'ProjectNameInput' was set to: 'AQAFF18F7410AFD4B728A1B72B5A2F3CA781659984077973ProjectName'
2022-08-08 11:42:09.837 [TestNG-test=FieldWire UI Smoke Tests for Edge browser-1] INFO  com.fieldwire.test.ui.tests.logging.Log - Typing 'AQA0ceb1b95fabe4721ba61a92e64aed1511659984077973ProjectCode' into ProjectCodeInput
2022-08-08 11:42:10.148 [TestNG-test=FieldWire UI Smoke Tests for Edge browser-1] INFO  com.fieldwire.test.ui.tests.logging.Log - 'ProjectCodeInput' was set to: 'AQA0ceb1b95fabe4721ba61a92e64aed1511659984077973ProjectCode'
2022-08-08 11:42:10.160 [TestNG-test=FieldWire UI Smoke Tests for Edge browser-1] INFO  com.fieldwire.test.ui.tests.logging.Log - Click on 'CreateButton' link
2022-08-08 11:42:10.221 [TestNG-test=FieldWire UI Smoke Tests for Edge browser-1] INFO  com.fieldwire.test.ui.tests.logging.Log - Button 'CreateButton' was pressed.
2022-08-08 11:42:10.259 [TestNG-test=FieldWire UI Smoke Tests for Chrome browser-1] INFO  com.fieldwire.test.ui.tests.logging.Log - Click on 'EnterTitleButton' link
2022-08-08 11:42:10.540 [TestNG-test=FieldWire UI Smoke Tests for Chrome browser-1] INFO  com.fieldwire.test.ui.tests.logging.Log - Button 'EnterTitleButton' was pressed.
2022-08-08 11:42:10.541 [TestNG-test=FieldWire UI Smoke Tests for Chrome browser-1] INFO  com.fieldwire.test.ui.tests.logging.Log - Typing 'AQAD9DA60AF0A1C4CC4B76B295816FF95ED1659984128585Title' into TitleInput
2022-08-08 11:42:11.025 [TestNG-test=FieldWire UI Smoke Tests for Edge browser-1] INFO  com.fieldwire.test.ui.tests.logging.Log - Click on 'CloseButton' link
2022-08-08 11:42:11.176 [TestNG-test=FieldWire UI Smoke Tests for Edge browser-1] INFO  